2024-09-10 11:45:05 [info] : Mock bank list initialized{"metadata":{}}
2024-09-10 11:48:25 [info] : Mock bank list initialized{"metadata":{}}
2024-09-10 11:50:57 [info] : Mock bank list initialized{"metadata":{}}
2024-09-10 11:53:48 [info] : Mock bank list initialized{"metadata":{}}
2024-09-10 11:54:38 [info] : Mock bank list initialized{"metadata":{}}
2024-09-10 11:57:06 [info] : Mock bank list initialized{"metadata":{}}
2024-09-10 11:58:31 [info] : Fetching Solana transaction: 4qtcbgcq6aes8h4mxrg9wc9rchw9vzxnmu6jtu8csvvcd1xtjkumoy8vdvqtm36r4g7omyhw3us7uite5cfdsamf{"metadata":{}}
2024-09-10 11:58:32 [error] : Solana transaction not found: 4qtcbgcq6aes8h4mxrg9wc9rchw9vzxnmu6jtu8csvvcd1xtjkumoy8vdvqtm36r4g7omyhw3us7uite5cfdsamf{"metadata":{}}
2024-09-10 12:07:27 [info] : Mock bank list initialized{"metadata":{}}
2024-09-10 12:08:26 [info] : Mock bank list initialized{"metadata":{}}
2024-09-10 12:08:55 [info] : Fetching Solana transaction: 4qtcBGcQ6AEs8H4MxrG9Wc9rchw9VZXnMU6jTu8cSVVcD1XtjkUmoY8VDVQtm36r4G7omYhW3us7Uite5CfdSAmf{"metadata":{}}
2024-09-10 12:08:55 [info] : Solana transaction fetched successfully: 4qtcBGcQ6AEs8H4MxrG9Wc9rchw9VZXnMU6jTu8cSVVcD1XtjkUmoY8VDVQtm36r4G7omYhW3us7Uite5CfdSAmf{"metadata":{}}
2024-09-10 12:08:55 [info] : Processing instruction: {"accounts":[],"data":"3ivaKKLVUV4B","programId":"ComputeBudget111111111111111111111111111111","stackHeight":null}{"metadata":{}}
2024-09-10 12:08:55 [info] : Processing instruction: {"accounts":[],"data":"JNq7pK","programId":"ComputeBudget111111111111111111111111111111","stackHeight":null}{"metadata":{}}
2024-09-10 12:08:55 [info] : Processing instruction: {"accounts":["6xgRE2DWvyfxKTF1vzHApDXf6zExDEorkwozHNcKBwRX","AGYdbiu4DdxbhfqasZ9PXmxmtZhXXkq3mLrSaV7Riyt2","31Sof5r1xi7dfcaz4x9Kuwm8J9ueAdDduMcme59sP8gc","5JYwqvKkqp35w8Nq3ba4z1WYUeJQ1rB36V8XvaGp6zn1","31Sof5r1xi7dfcaz4x9Kuwm8J9ueAdDduMcme59sP8gc","46XG8HTiYbELwc4iaJY1vimxmjHcNcNh2GV5mbVA7Psn","BFY6dRjDpDRyrVRoj6dUHby79taebQFLqRdwVVchTLRL","8atkQ6LshJjsTBY497K1VQMLKpkkRnTM9jykQqVxLfQd","ANLF6HgcHU5EXAi3G483eSBmLmxtBz98FZJKaYnM62k8","TokenkegQfeZyiNwAJbNbGKPFXCWuBvf9Ss623VQ5DA","CyZuD7RPDcrqCGbNvLCyqk6Py9cEZTKmNKujfPi3ynDd","8YAq61ta7BJAXhiJHYQAw9fdvFYZxBmyFoBSkBdMZBe9","So11111111111111111111111111111111111111112","Eze6dbKcWtvW7oUSZq9wSEsA8GBANvyPLiNdnfvDk1b","CYagyWjtbFR2f4ABAuYDZm7wH5nr5B179Gy1X5pGdPX9","FQ9QUwF3QxT4rUWAvWHaSR4JxidVvSPQVCAGAF5UTXN9","AGYdbiu4DdxbhfqasZ9PXmxmtZhXXkq3mLrSaV7Riyt2","AAaFQf5iXodyWRp56EAtyjT5XEA957ocZ2iUVK6spYzT","6SbNNRm9AspyuTkB4mEGfY771kX3Xr9hUNpvnyJNiJtC","DjkateTfPHEdkWrbYB7BnSXqvWvBkCxLz1UeaTTZS9uY","kREd7AzLEXJYoeKJAN8Ba1TiE9Q4VPjFZgJ1jyaMqvx","HeMBiaLyy34tS8n8yNLBE6tbSz1BGC5hnzTNc5JEEwax","63auW6JL3mdg28FSycT5WPVgszysACFk3oSnzMF4brRU","6ZvNt8wJ3aQA5Yk9YpoAkDaH6HtaX6KLPJz5tqnDSBz8","2WR3NtEWdpA1YtmTUkDG5gRk623Q3eAhx9ceRa6yfeia","GysgmsczLiPSBSsD93mVZaw7ziDg3Jtk1t3N4BSTdQ3c"],"data":"3hAw8ppjnbTJAqLpJj926cFJz3QTeUX3Ujt8uwL5pPeNzbohZ7n6aLBCtVL7cGJSYvYwAhFWK242uZPwFsdi6QcekY2fjkNgQaqBkY4vnNorMiZpicCdgbJoiWrcG51PK3F8piUojonsprLoqLcmW","programId":"SW1TCH7qEPTdLsDHRgPuMQjbQxKdH2aBStViMFnt64f","stackHeight":null}{"metadata":{}}
2024-09-10 12:08:55 [error] : No transfer found in Solana transaction: 4qtcBGcQ6AEs8H4MxrG9Wc9rchw9VZXnMU6jTu8cSVVcD1XtjkUmoY8VDVQtm36r4G7omYhW3us7Uite5CfdSAmf{"metadata":{}}
2024-09-10 12:13:57 [info] : Mock bank list initialized{"metadata":{}}
2024-09-10 12:14:34 [info] : Tron transaction: [object Object]{"metadata":{}}
2024-09-10 12:15:33 [info] : Mock bank list initialized{"metadata":{}}
2024-09-10 12:16:00 [info] : Tron transaction: {"ret":[{"contractRet":"SUCCESS"}],"signature":["ea2bd9d7bfc32d83117b697ae934abc761d9de256c5b964e8e5d45235cfa3e4f14f674c2bfc366c6632c302ec11ca5bc78caad2aff0f4c30e1c5f44386cd62fd01"],"txID":"48f14ed73498b6a773ebef1502663e5812c02c083aae9bc0e7536cd7b424daf4","raw_data":{"contract":[{"parameter":{"value":{"data":"a9059cbb000000000000000000000041438d32c1e3a1068393bdd826c12eb62d1ce7c424000000000000000000000000000000000000000000000000000000001324a7f8","owner_address":"4100fcb3230d80ca32feba04da93d00069cf12b57a","contract_address":"41a614f803b6fd780986a42c78ec9c7f77e6ded13c"},"type_url":"type.googleapis.com/protocol.TriggerSmartContract"},"type":"TriggerSmartContract"}],"ref_block_bytes":"7171","ref_block_hash":"c5fa8e67f11dd724","expiration":1725966915000,"fee_limit":30000000,"timestamp":1725966857428},"raw_data_hex":"0a0271712208c5fa8e67f11dd72440b8ab94dd9d325aae01081f12a9010a31747970652e676f6f676c65617069732e636f6d2f70726f746f636f6c2e54726967676572536d617274436f6e747261637412740a154100fcb3230d80ca32feba04da93d00069cf12b57a121541a614f803b6fd780986a42c78ec9c7f77e6ded13c2244a9059cbb000000000000000000000041438d32c1e3a1068393bdd826c12eb62d1ce7c424000000000000000000000000000000000000000000000000000000001324a7f870d4e990dd9d3290018087a70e"}{"metadata":{}}
2024-09-10 12:21:37 [info] : Mock bank list initialized{"metadata":{}}
2024-09-10 12:21:37 [error] : Bot error{"metadata":{"error":"Cannot read properties of undefined (reading 'hide')","userId":1603748008,"chatId":1603748008}}
2024-09-10 12:22:00 [info] : Mock bank list initialized{"metadata":{}}
2024-09-10 12:22:01 [error] : Bot error{"metadata":{"error":"400: Bad Request: field \"inline_keyboard\" of the InlineKeyboardMarkup must be an Array of Arrays","userId":1603748008,"chatId":1603748008}}
2024-09-10 12:22:27 [info] : Mock bank list initialized{"metadata":{}}
2024-09-10 12:22:27 [error] : Bot error{"metadata":{"error":"Cannot read properties of undefined (reading 'hide')","userId":1603748008,"chatId":1603748008}}
2024-09-10 12:22:31 [error] : Error generating main menu{"metadata":{"error":"Cannot read properties of undefined (reading 'hide')","userId":1603748008}}
2024-09-10 12:22:43 [info] : Mock bank list initialized{"metadata":{}}
2024-09-10 12:25:30 [info] : Mock bank list initialized{"metadata":{}}
2024-09-10 13:30:05 [info] : Mock bank list initialized{"metadata":{}}
2024-09-10 14:33:18 [warn] : Old callback query detected{"metadata":{"userId":1603748008,"query":"register_bank"}}
2024-09-10 14:40:26 [info] : Mock bank list initialized{"metadata":{}}
2024-09-10 14:40:39 [error] : Bank verification error{"metadata":{"error":"Invalid account details","userId":1603748008}}
2024-09-10 14:40:46 [error] : Bank verification error{"metadata":{"error":"Invalid account details","userId":1603748008}}
2024-09-10 15:02:50 [info] : Mock bank list initialized{"metadata":{}}
2024-09-10 15:03:07 [error] : Bot error{"metadata":{"error":"generateMainMenu is not defined","userId":1603748008,"chatId":1603748008}}
2024-09-10 15:07:34 [info] : Mock bank list initialized{"metadata":{}}
2024-09-10 15:07:47 [error] : Bot error{"metadata":{"error":"generateMainMenu is not defined","userId":1603748008,"chatId":1603748008}}
2024-09-10 15:08:33 [info] : Mock bank list initialized{"metadata":{}}
2024-09-10 15:22:34 [info] : Mock bank list initialized{"metadata":{}}
2024-09-10 15:35:35 [info] : Mock bank list initialized{"metadata":{}}
2024-09-10 15:40:09 [info] : Mock bank list initialized{"metadata":{}}
2024-09-10 15:42:22 [error] : Error validating transaction:{"metadata":{"code":"ECONNREFUSED","stack":"AggregateError\n    at internalConnectMultiple (node:net:1114:18)\n    at afterConnectMultiple (node:net:1667:5)"}}
2024-09-10 15:44:04 [info] : Mock bank list initialized{"metadata":{}}
2024-09-10 15:44:31 [error] : Error validating transaction:{"metadata":{"code":"ECONNREFUSED","stack":"AggregateError\n    at internalConnectMultiple (node:net:1114:18)\n    at afterConnectMultiple (node:net:1667:5)"}}
2024-09-10 16:24:06 [info] : Mock bank list initialized{"metadata":{}}
2024-09-10 16:26:43 [warn] : Old callback query detected{"metadata":{"userId":1603748008,"query":"copy_0x96be87b0dfc3a573d9ea68e8782b7ef5272497d5"}}
2024-09-10 16:27:37 [info] : bsc transaction: {"_type":"TransactionResponse","accessList":null,"blockNumber":42129409,"blockHash":"0x076fbfcc57ad78f4197b3ee75c98599a6ebea4ba62c6e3e584e0ee1903c2e736","blobVersionedHashes":null,"chainId":"56","data":"0x","from":"0xA6cBb1e75d42b3abAE7c419E5ce5ceB2B0b2CEE7","gasLimit":"25000","gasPrice":"0","hash":"0x6b5786b14ae4b35def9f2721248a28b6026d1decdfa9620710f687d57fa3daa2","maxFeePerGas":null,"maxPriorityFeePerGas":null,"maxFeePerBlobGas":null,"nonce":282534,"signature":{"_type":"signature","networkV":"148","r":"0x2e05054b9ff75918feb83ef003fa0c8c65e323eff5851c7ac87c258b6107b7b9","s":"0x76c99cbeed70c2cac5e8a7ca25986f66c338cdff9ee91a3ce966e05501c2d6b2","v":28},"to":"0x5054b21D8baea3d602dca8761B235ee10bc0231E","index":135,"type":0,"value":"0"}{"metadata":{}}
2024-09-10 16:37:08 [info] : Mock bank list initialized{"metadata":{}}
2024-09-10 20:39:54 [info] : Mock bank list initialized{"metadata":{}}
2024-09-10 22:51:14 [info] : Mock bank list initialized{"metadata":{}}
2024-09-10 23:08:50 [info] : Mock bank list initialized{"metadata":{}}
2024-09-10 23:15:05 [info] : bsc transaction: {"_type":"TransactionResponse","accessList":null,"blockNumber":42108272,"blockHash":"0x4c7dad32ad9a6f415a4a71eede51af808d0091d8bde19705c3486e95c986879c","blobVersionedHashes":null,"chainId":"56","data":"0x7ff36ab50000000000000000000000000000000000000000000000000000000000000000000000000000000000000000000000000000000000000000000000000000008000000000000000000000000065bd198fd46fd0a7cd3514c9acfd8dfd0598dbbd0000000000000000000000000000000000000000000000000000000066df2ff30000000000000000000000000000000000000000000000000000000000000002000000000000000000000000bb4cdb9cbd36b01bd1cbaebf2de08d9173bc095c00000000000000000000000021fd16cd0ef24a49d28429921e335bb0c1bfadb3","from":"0x65bD198fd46Fd0A7cD3514C9AcFd8dfd0598DbbD","gasLimit":"147403","gasPrice":"1000000000","hash":"0x9c55296c7d2f3992a6fb7f4b47257648cfa9588b71a301a282f172177f1c5f54","maxFeePerGas":null,"maxPriorityFeePerGas":null,"maxFeePerBlobGas":null,"nonce":0,"signature":{"_type":"signature","networkV":"147","r":"0xdd148e348146de7971c73bca4f83b7939b08a4d1a1bff0822d61596c00dc4863","s":"0x28a3b6d7ddbf2e98154a7bd3a2d34836256d1d9df8be5aab465f102795c429b3","v":27},"to":"0x10ED43C718714eb63d5aA57B78B54704E256024E","index":105,"type":0,"value":"1910000000000000"}{"metadata":{}}
2024-09-10 23:28:13 [info] : bsc transaction: {"_type":"TransactionResponse","accessList":null,"blockNumber":42129409,"blockHash":"0x076fbfcc57ad78f4197b3ee75c98599a6ebea4ba62c6e3e584e0ee1903c2e736","blobVersionedHashes":null,"chainId":"56","data":"0x","from":"0xA6cBb1e75d42b3abAE7c419E5ce5ceB2B0b2CEE7","gasLimit":"25000","gasPrice":"0","hash":"0x6b5786b14ae4b35def9f2721248a28b6026d1decdfa9620710f687d57fa3daa2","maxFeePerGas":null,"maxPriorityFeePerGas":null,"maxFeePerBlobGas":null,"nonce":282534,"signature":{"_type":"signature","networkV":"148","r":"0x2e05054b9ff75918feb83ef003fa0c8c65e323eff5851c7ac87c258b6107b7b9","s":"0x76c99cbeed70c2cac5e8a7ca25986f66c338cdff9ee91a3ce966e05501c2d6b2","v":28},"to":"0x5054b21D8baea3d602dca8761B235ee10bc0231E","index":135,"type":0,"value":"0"}{"metadata":{}}
2024-09-10 23:28:19 [info] : bsc transaction: {"_type":"TransactionResponse","accessList":null,"blockNumber":42129409,"blockHash":"0x076fbfcc57ad78f4197b3ee75c98599a6ebea4ba62c6e3e584e0ee1903c2e736","blobVersionedHashes":null,"chainId":"56","data":"0x","from":"0xA6cBb1e75d42b3abAE7c419E5ce5ceB2B0b2CEE7","gasLimit":"25000","gasPrice":"0","hash":"0x6b5786b14ae4b35def9f2721248a28b6026d1decdfa9620710f687d57fa3daa2","maxFeePerGas":null,"maxPriorityFeePerGas":null,"maxFeePerBlobGas":null,"nonce":282534,"signature":{"_type":"signature","networkV":"148","r":"0x2e05054b9ff75918feb83ef003fa0c8c65e323eff5851c7ac87c258b6107b7b9","s":"0x76c99cbeed70c2cac5e8a7ca25986f66c338cdff9ee91a3ce966e05501c2d6b2","v":28},"to":"0x5054b21D8baea3d602dca8761B235ee10bc0231E","index":135,"type":0,"value":"0"}{"metadata":{}}
2024-09-11 00:31:26 [info] : Mock bank list initialized{"metadata":{}}
2024-09-11 00:34:19 [info] : bsc transaction: {"_type":"TransactionResponse","accessList":null,"blockNumber":42144718,"blockHash":"0xded32a0c91ffedd70b643c899c601f2c068bd9a7210b6e24b2501f13c32fa355","blobVersionedHashes":null,"chainId":"56","data":"0x","from":"0xA6cBb1e75d42b3abAE7c419E5ce5ceB2B0b2CEE7","gasLimit":"25000","gasPrice":"0","hash":"0x88225c866391f79cd3335354fd42b276166a908dae264d1ded0b53246879c975","maxFeePerGas":null,"maxPriorityFeePerGas":null,"maxFeePerBlobGas":null,"nonce":284807,"signature":{"_type":"signature","networkV":"148","r":"0xe2a3246b5393af36fc8fe08998a8cda6294c1c4dffb0c33066a7724b0cfacff1","s":"0x3daa3ae70985974e4d0455136c738253922a7fce4483c7f218a03ca89054d329","v":28},"to":"0x5054b21D8baea3d602dca8761B235ee10bc0231E","index":60,"type":0,"value":"0"}{"metadata":{}}
2024-09-11 00:54:01 [info] : Mock bank list initialized{"metadata":{}}
2024-09-11 00:54:30 [info] : bsc transaction: {"_type":"TransactionResponse","accessList":null,"blockNumber":42144718,"blockHash":"0xded32a0c91ffedd70b643c899c601f2c068bd9a7210b6e24b2501f13c32fa355","blobVersionedHashes":null,"chainId":"56","data":"0x","from":"0xA6cBb1e75d42b3abAE7c419E5ce5ceB2B0b2CEE7","gasLimit":"25000","gasPrice":"0","hash":"0x88225c866391f79cd3335354fd42b276166a908dae264d1ded0b53246879c975","maxFeePerGas":null,"maxPriorityFeePerGas":null,"maxFeePerBlobGas":null,"nonce":284807,"signature":{"_type":"signature","networkV":"148","r":"0xe2a3246b5393af36fc8fe08998a8cda6294c1c4dffb0c33066a7724b0cfacff1","s":"0x3daa3ae70985974e4d0455136c738253922a7fce4483c7f218a03ca89054d329","v":28},"to":"0x5054b21D8baea3d602dca8761B235ee10bc0231E","index":60,"type":0,"value":"0"}{"metadata":{}}
2024-09-11 00:56:35 [info] : bsc transaction: {"_type":"TransactionResponse","accessList":null,"blockNumber":42144718,"blockHash":"0xded32a0c91ffedd70b643c899c601f2c068bd9a7210b6e24b2501f13c32fa355","blobVersionedHashes":null,"chainId":"56","data":"0x","from":"0xA6cBb1e75d42b3abAE7c419E5ce5ceB2B0b2CEE7","gasLimit":"25000","gasPrice":"0","hash":"0x88225c866391f79cd3335354fd42b276166a908dae264d1ded0b53246879c975","maxFeePerGas":null,"maxPriorityFeePerGas":null,"maxFeePerBlobGas":null,"nonce":284807,"signature":{"_type":"signature","networkV":"148","r":"0xe2a3246b5393af36fc8fe08998a8cda6294c1c4dffb0c33066a7724b0cfacff1","s":"0x3daa3ae70985974e4d0455136c738253922a7fce4483c7f218a03ca89054d329","v":28},"to":"0x5054b21D8baea3d602dca8761B235ee10bc0231E","index":60,"type":0,"value":"0"}{"metadata":{}}
2024-09-11 00:58:54 [info] : Mock bank list initialized{"metadata":{}}
2024-09-11 01:00:24 [error] : Bank verification error{"metadata":{"error":"Invalid account details","userId":1603748008}}
2024-09-11 01:02:57 [info] : Mock bank list initialized{"metadata":{}}
2024-09-11 01:04:44 [info] : bsc transaction: {"_type":"TransactionResponse","accessList":null,"blockNumber":42144718,"blockHash":"0xded32a0c91ffedd70b643c899c601f2c068bd9a7210b6e24b2501f13c32fa355","blobVersionedHashes":null,"chainId":"56","data":"0x","from":"0xA6cBb1e75d42b3abAE7c419E5ce5ceB2B0b2CEE7","gasLimit":"25000","gasPrice":"0","hash":"0x88225c866391f79cd3335354fd42b276166a908dae264d1ded0b53246879c975","maxFeePerGas":null,"maxPriorityFeePerGas":null,"maxFeePerBlobGas":null,"nonce":284807,"signature":{"_type":"signature","networkV":"148","r":"0xe2a3246b5393af36fc8fe08998a8cda6294c1c4dffb0c33066a7724b0cfacff1","s":"0x3daa3ae70985974e4d0455136c738253922a7fce4483c7f218a03ca89054d329","v":28},"to":"0x5054b21D8baea3d602dca8761B235ee10bc0231E","index":60,"type":0,"value":"0"}{"metadata":{}}
